<?xml version="1.0" encoding="UTF-8"?>
<testng-results ignored="0" total="1" passed="1" failed="0" skipped="0">
  <reporter-output>
  </reporter-output>
  <suite started-at="2022-11-13T20:46:41 IST" name="Default suite" finished-at="2022-11-13T20:46:41 IST" duration-ms="163">
    <groups>
    </groups>
    <test started-at="2022-11-13T20:46:41 IST" name="Default test" finished-at="2022-11-13T20:46:41 IST" duration-ms="163">
      <class name="com.log4j2example.test.Log4j2ExampleTest.TestLoggingLog4j2">
        <test-method is-config="true" signature="testinit()[pri:0, instance:com.log4j2example.test.Log4j2ExampleTest.TestLoggingLog4j2@784c3487]" started-at="2022-11-13T20:46:41 IST" name="testinit" finished-at="2022-11-13T20:46:41 IST" duration-ms="116" status="PASS">
          <reporter-output>
          </reporter-output>
        </test-method> <!-- testinit -->
        <test-method signature="testmain()[pri:0, instance:com.log4j2example.test.Log4j2ExampleTest.TestLoggingLog4j2@784c3487]" started-at="2022-11-13T20:46:41 IST" name="testmain" finished-at="2022-11-13T20:46:41 IST" duration-ms="16" status="PASS">
          <reporter-output>
          </reporter-output>
        </test-method> <!-- testmain -->
      </class> <!-- com.log4j2example.test.Log4j2ExampleTest.TestLoggingLog4j2 -->
    </test> <!-- Default test -->
  </suite> <!-- Default suite -->
</testng-results>
